TN:
SF:src\app.ts
FNF:0
FNH:0
DA:1,1
DA:2,1
DA:3,1
DA:4,1
DA:5,1
DA:6,1
DA:7,1
DA:8,1
DA:9,1
DA:10,1
DA:11,1
DA:12,1
DA:13,1
DA:14,1
DA:15,1
DA:16,1
LF:16
LH:16
BRDA:9,0,0,1
BRF:1
BRH:1
end_of_record
TN:
SF:src\server.ts
FN:1,(empty-report)
FNF:1
FNH:0
FNDA:0,(empty-report)
DA:1,0
DA:2,0
DA:3,0
DA:4,0
DA:5,0
DA:6,0
DA:7,0
DA:8,0
DA:9,0
LF:9
LH:0
BRDA:1,0,0,0
BRF:1
BRH:0
end_of_record
TN:
SF:src\config\dbConfig.ts
FN:5,connectToDatabase
FNF:1
FNH:1
FNDA:1,connectToDatabase
DA:1,1
DA:2,1
DA:3,1
DA:4,1
DA:5,1
DA:6,1
DA:7,1
DA:8,1
DA:9,1
DA:10,0
DA:11,0
DA:12,0
DA:13,1
DA:14,1
DA:15,1
LF:15
LH:12
BRDA:5,0,0,1
BRDA:9,1,0,0
BRF:2
BRH:1
end_of_record
TN:
SF:src\contoller\accountController.ts
FN:5,createAccount
FN:47,getAccountById
FN:63,updateAccount
FN:80,deleteAccount
FN:104,getAllAccounts
FNF:5
FNH:5
FNDA:6,createAccount
FNDA:2,getAccountById
FNDA:4,updateAccount
FNDA:3,deleteAccount
FNDA:2,getAllAccounts
DA:1,1
DA:2,1
DA:3,1
DA:4,1
DA:5,6
DA:6,6
DA:7,6
DA:8,6
DA:9,6
DA:10,1
DA:11,1
DA:12,1
DA:13,5
DA:14,5
DA:15,5
DA:16,5
DA:17,6
DA:18,1
DA:19,1
DA:20,1
DA:21,4
DA:22,6
DA:23,1
DA:24,1
DA:25,1
DA:26,3
DA:27,3
DA:28,3
DA:29,3
DA:30,3
DA:31,3
DA:32,3
DA:33,3
DA:34,3
DA:35,3
DA:36,3
DA:37,3
DA:38,3
DA:39,3
DA:40,3
DA:41,6
DA:42,0
DA:43,0
DA:44,0
DA:45,6
DA:46,1
DA:47,2
DA:48,2
DA:49,2
DA:50,2
DA:51,2
DA:52,2
DA:53,1
DA:54,1
DA:55,1
DA:56,1
DA:57,1
DA:58,2
DA:59,0
DA:60,0
DA:61,2
DA:62,1
DA:63,4
DA:64,4
DA:65,4
DA:66,4
DA:67,4
DA:68,4
DA:69,4
DA:70,1
DA:71,1
DA:72,1
DA:73,2
DA:74,2
DA:75,4
DA:76,1
DA:77,1
DA:78,4
DA:79,1
DA:80,3
DA:81,3
DA:82,3
DA:83,3
DA:84,3
DA:85,3
DA:86,3
DA:87,1
DA:88,1
DA:89,1
DA:90,2
DA:91,2
DA:92,2
DA:93,2
DA:94,2
DA:95,2
DA:96,2
DA:97,2
DA:98,2
DA:99,3
DA:100,0
DA:101,0
DA:102,3
DA:103,1
DA:104,2
DA:105,2
DA:106,2
DA:107,2
DA:108,2
DA:109,2
DA:110,2
DA:111,1
DA:112,1
DA:113,2
DA:114,2
DA:115,1
DA:116,1
DA:117,2
DA:118,2
DA:119,2
DA:120,2
DA:121,2
DA:122,2
DA:123,2
DA:124,2
DA:125,0
DA:126,0
DA:127,2
DA:128,1
DA:129,1
LF:129
LH:120
BRDA:5,0,0,6
BRDA:9,1,0,1
BRDA:13,2,0,5
BRDA:17,3,0,1
BRDA:21,4,0,4
BRDA:22,5,0,1
BRDA:26,6,0,3
BRDA:41,7,0,0
BRDA:47,8,0,2
BRDA:52,9,0,1
BRDA:58,10,0,0
BRDA:63,11,0,4
BRDA:69,12,0,3
BRDA:69,13,0,1
BRDA:73,14,0,2
BRDA:75,15,0,1
BRDA:80,16,0,3
BRDA:86,17,0,1
BRDA:90,18,0,2
BRDA:99,19,0,0
BRDA:104,20,0,2
BRDA:110,21,0,1
BRDA:114,22,0,1
BRDA:124,23,0,0
BRF:24
BRH:20
end_of_record
TN:
SF:src\contoller\transactionController.ts
FN:6,makeTansfer
FN:98,getTransactions
FN:117,deleteTransaction
FNF:3
FNH:3
FNDA:10,makeTansfer
FNDA:4,getTransactions
FNDA:3,deleteTransaction
DA:1,1
DA:2,1
DA:3,1
DA:4,1
DA:5,1
DA:6,10
DA:7,10
DA:8,10
DA:9,10
DA:10,10
DA:11,1
DA:12,1
DA:13,1
DA:14,9
DA:15,10
DA:16,1
DA:17,1
DA:18,1
DA:19,8
DA:20,10
DA:21,1
DA:22,1
DA:23,1
DA:24,7
DA:25,7
DA:26,7
DA:27,7
DA:28,10
DA:29,1
DA:30,1
DA:31,1
DA:32,6
DA:33,10
DA:34,1
DA:35,1
DA:36,1
DA:37,5
DA:38,10
DA:39,1
DA:40,1
DA:41,1
DA:42,4
DA:43,10
DA:44,1
DA:45,1
DA:46,1
DA:47,3
DA:48,10
DA:49,1
DA:50,1
DA:51,1
DA:52,2
DA:53,2
DA:54,2
DA:55,2
DA:56,2
DA:57,10
DA:58,1
DA:59,1
DA:60,1
DA:61,1
DA:62,1
DA:63,1
DA:64,2
DA:65,2
DA:66,2
DA:67,2
DA:68,2
DA:69,2
DA:70,2
DA:71,2
DA:72,2
DA:73,2
DA:74,2
DA:75,2
DA:76,2
DA:77,2
DA:78,2
DA:79,2
DA:80,2
DA:81,2
DA:82,2
DA:83,2
DA:84,2
DA:85,2
DA:86,2
DA:87,10
DA:88,0
DA:89,0
DA:90,0
DA:91,0
DA:92,10
DA:93,0
DA:94,0
DA:95,0
DA:96,10
DA:97,1
DA:98,4
DA:99,4
DA:100,4
DA:101,4
DA:102,4
DA:103,4
DA:104,4
DA:105,4
DA:106,4
DA:107,4
DA:108,4
DA:109,4
DA:110,3
DA:111,3
DA:112,4
DA:113,1
DA:114,1
DA:115,4
DA:116,1
DA:117,3
DA:118,3
DA:119,3
DA:120,3
DA:121,3
DA:122,3
DA:123,1
DA:124,1
DA:125,1
DA:126,1
DA:127,1
DA:128,1
DA:129,1
DA:130,1
DA:131,1
DA:132,1
DA:133,1
DA:134,3
DA:135,1
DA:136,1
LF:136
LH:129
BRDA:6,0,0,10
BRDA:10,1,0,9
BRDA:10,2,0,9
BRDA:10,3,0,9
BRDA:10,4,0,1
BRDA:14,5,0,9
BRDA:15,6,0,1
BRDA:19,7,0,8
BRDA:20,8,0,1
BRDA:24,9,0,7
BRDA:28,10,0,1
BRDA:32,11,0,6
BRDA:33,12,0,1
BRDA:37,13,0,5
BRDA:38,14,0,1
BRDA:42,15,0,4
BRDA:43,16,0,1
BRDA:47,17,0,3
BRDA:48,18,0,2
BRDA:48,19,0,1
BRDA:52,20,0,2
BRDA:57,21,0,1
BRDA:64,22,0,2
BRDA:87,23,0,0
BRDA:92,24,0,0
BRDA:98,25,0,4
BRDA:103,26,0,1
BRDA:104,27,0,1
BRDA:105,28,0,1
BRDA:106,29,0,1
BRDA:107,30,0,1
BRDA:110,31,0,3
BRDA:112,32,0,1
BRDA:117,33,0,3
BRDA:121,34,0,2
BRDA:122,35,0,1
BRF:36
BRH:34
end_of_record
TN:
SF:src\contoller\userController.ts
FN:4,getUsers
FN:41,updateUser
FNF:2
FNH:2
FNDA:4,getUsers
FNDA:3,updateUser
DA:1,1
DA:2,1
DA:3,1
DA:4,4
DA:5,4
DA:6,4
DA:7,4
DA:8,4
DA:9,4
DA:10,4
DA:11,4
DA:12,4
DA:13,4
DA:14,4
DA:15,4
DA:16,4
DA:17,4
DA:18,4
DA:19,4
DA:20,4
DA:21,4
DA:22,4
DA:23,4
DA:24,4
DA:25,4
DA:26,4
DA:27,4
DA:28,4
DA:29,4
DA:30,4
DA:31,4
DA:32,4
DA:33,4
DA:34,4
DA:35,4
DA:36,4
DA:37,0
DA:38,0
DA:39,4
DA:40,1
DA:41,3
DA:42,3
DA:43,3
DA:44,3
DA:45,3
DA:46,3
DA:47,0
DA:48,0
DA:49,0
DA:50,3
DA:51,3
DA:52,3
DA:53,3
DA:54,1
DA:55,1
DA:56,1
DA:57,2
DA:58,2
DA:59,2
DA:60,2
DA:61,2
DA:62,2
DA:63,2
DA:64,2
DA:65,2
DA:66,3
DA:67,0
DA:68,0
DA:69,3
DA:70,1
DA:71,1
LF:71
LH:64
BRDA:4,0,0,4
BRDA:12,1,0,1
BRDA:13,2,0,1
BRDA:14,3,0,0
BRDA:17,4,0,0
BRDA:36,5,0,0
BRDA:41,6,0,3
BRDA:46,7,0,0
BRDA:53,8,0,1
BRDA:57,9,0,2
BRDA:66,10,0,0
BRF:11
BRH:6
end_of_record
TN:
SF:src\models\account.model.ts
FNF:0
FNH:0
DA:1,1
DA:2,1
DA:3,1
DA:4,1
DA:5,1
DA:6,1
DA:7,1
DA:8,1
DA:9,1
DA:10,1
DA:11,1
DA:12,1
DA:13,1
DA:14,1
DA:15,1
DA:16,1
DA:17,1
DA:18,1
DA:19,1
DA:20,1
DA:21,1
DA:22,1
DA:23,1
DA:24,1
DA:25,1
DA:26,1
DA:27,1
DA:28,1
DA:29,1
DA:30,1
DA:31,1
DA:32,1
DA:33,1
DA:34,1
DA:35,1
DA:36,1
DA:37,1
DA:38,1
DA:39,1
DA:40,1
DA:41,1
DA:42,1
LF:42
LH:42
BRF:0
BRH:0
end_of_record
TN:
SF:src\models\transaction.model.ts
FNF:0
FNH:0
DA:1,1
DA:2,1
DA:3,1
DA:4,1
DA:5,1
DA:6,1
DA:7,1
DA:8,1
DA:9,1
DA:10,1
DA:11,1
DA:12,1
DA:13,1
DA:14,1
DA:15,1
DA:16,1
DA:17,1
DA:18,1
DA:19,1
DA:20,1
DA:21,1
DA:22,1
DA:23,1
DA:24,1
DA:25,1
DA:26,1
DA:27,1
DA:28,1
DA:29,1
DA:30,1
DA:31,1
DA:32,1
DA:33,1
DA:34,1
DA:35,1
DA:36,1
DA:37,1
DA:38,1
DA:39,1
DA:40,1
DA:41,1
DA:42,1
DA:43,1
DA:44,1
DA:45,1
DA:46,1
DA:47,1
DA:48,1
DA:49,1
DA:50,1
DA:51,1
DA:52,1
LF:52
LH:52
BRF:0
BRH:0
end_of_record
TN:
SF:src\models\user.model.ts
FNF:0
FNH:0
DA:1,1
DA:2,1
DA:3,1
DA:4,1
DA:5,1
DA:6,1
DA:7,1
DA:8,1
DA:9,1
DA:10,1
DA:11,1
DA:12,1
DA:13,1
DA:14,1
DA:15,1
DA:16,1
DA:17,1
DA:18,1
DA:19,1
DA:20,1
DA:21,1
DA:22,1
DA:23,1
DA:24,1
DA:25,1
DA:26,1
DA:27,1
DA:28,1
DA:29,1
DA:30,1
DA:31,1
DA:32,1
DA:33,1
LF:33
LH:33
BRF:0
BRH:0
end_of_record
TN:
SF:src\routes\accountRoutes.ts
FNF:0
FNH:0
DA:1,1
DA:2,1
DA:3,1
DA:4,1
DA:5,1
DA:6,1
DA:7,1
DA:8,1
DA:9,1
DA:10,1
DA:11,1
DA:12,1
LF:12
LH:12
BRF:0
BRH:0
end_of_record
TN:
SF:src\routes\transactionRoutes.ts
FNF:0
FNH:0
DA:1,1
DA:2,1
DA:3,1
DA:4,1
DA:5,1
DA:6,1
DA:7,1
DA:8,1
DA:9,1
DA:10,1
LF:10
LH:10
BRF:0
BRH:0
end_of_record
TN:
SF:src\routes\userRoutes.ts
FNF:0
FNH:0
DA:1,1
DA:2,1
DA:3,1
DA:4,1
DA:5,1
DA:6,1
DA:7,1
DA:8,1
DA:9,1
LF:9
LH:9
BRF:0
BRH:0
end_of_record
