TN:
SF:src\app.ts
FNF:0
FNH:0
DA:1,1
DA:2,1
DA:3,1
DA:4,1
DA:5,1
DA:6,1
DA:7,1
DA:8,1
DA:9,1
DA:10,1
DA:11,1
DA:12,1
DA:13,1
DA:14,1
DA:15,1
DA:16,1
LF:16
LH:16
BRDA:9,0,0,1
BRF:1
BRH:1
end_of_record
TN:
SF:src\server.ts
FN:1,(empty-report)
FNF:1
FNH:0
FNDA:0,(empty-report)
DA:1,0
DA:2,0
DA:3,0
DA:4,0
DA:5,0
DA:6,0
DA:7,0
DA:8,0
DA:9,0
LF:9
LH:0
BRDA:1,0,0,0
BRF:1
BRH:0
end_of_record
TN:
SF:src\config\dbConfig.ts
FN:5,connectToDatabase
FNF:1
FNH:1
FNDA:2,connectToDatabase
DA:1,1
DA:2,1
DA:3,1
DA:4,1
DA:5,1
DA:6,2
DA:7,2
DA:8,1
DA:9,2
DA:10,1
DA:11,1
DA:12,1
DA:13,1
DA:14,2
DA:15,1
DA:16,1
LF:16
LH:16
BRDA:5,0,0,2
BRDA:10,1,0,1
BRDA:7,2,0,1
BRF:3
BRH:3
end_of_record
TN:
SF:src\contoller\accountController.ts
FN:5,createAccount
FN:47,getAccountById
FN:63,updateAccount
FN:80,deleteAccount
FN:104,getAllAccounts
FNF:5
FNH:5
FNDA:6,createAccount
FNDA:2,getAccountById
FNDA:4,updateAccount
FNDA:3,deleteAccount
FNDA:2,getAllAccounts
DA:1,1
DA:2,1
DA:3,1
DA:4,1
DA:5,6
DA:6,6
DA:7,6
DA:8,6
DA:9,6
DA:10,1
DA:11,1
DA:12,1
DA:13,5
DA:14,5
DA:15,5
DA:16,5
DA:17,6
DA:18,1
DA:19,1
DA:20,1
DA:21,4
DA:22,6
DA:23,1
DA:24,1
DA:25,1
DA:26,3
DA:27,3
DA:28,3
DA:29,3
DA:30,3
DA:31,3
DA:32,3
DA:33,3
DA:34,3
DA:35,3
DA:36,3
DA:37,3
DA:38,3
DA:39,3
DA:40,3
DA:41,6
DA:42,0
DA:43,0
DA:44,0
DA:45,6
DA:46,1
DA:47,2
DA:48,2
DA:49,2
DA:50,2
DA:51,2
DA:52,2
DA:53,1
DA:54,1
DA:55,1
DA:56,1
DA:57,1
DA:58,2
DA:59,0
DA:60,0
DA:61,2
DA:62,1
DA:63,4
DA:64,4
DA:65,4
DA:66,4
DA:67,4
DA:68,4
DA:69,4
DA:70,1
DA:71,1
DA:72,1
DA:73,2
DA:74,2
DA:75,4
DA:76,1
DA:77,1
DA:78,4
DA:79,1
DA:80,3
DA:81,3
DA:82,3
DA:83,3
DA:84,3
DA:85,3
DA:86,3
DA:87,1
DA:88,1
DA:89,1
DA:90,2
DA:91,2
DA:92,2
DA:93,2
DA:94,2
DA:95,2
DA:96,2
DA:97,2
DA:98,2
DA:99,3
DA:100,0
DA:101,0
DA:102,3
DA:103,1
DA:104,2
DA:105,2
DA:106,2
DA:107,2
DA:108,2
DA:109,2
DA:110,2
DA:111,1
DA:112,1
DA:113,2
DA:114,2
DA:115,1
DA:116,1
DA:117,2
DA:118,2
DA:119,2
DA:120,2
DA:121,2
DA:122,2
DA:123,2
DA:124,2
DA:125,0
DA:126,0
DA:127,2
DA:128,1
DA:129,1
LF:129
LH:120
BRDA:5,0,0,6
BRDA:9,1,0,1
BRDA:13,2,0,5
BRDA:17,3,0,1
BRDA:21,4,0,4
BRDA:22,5,0,1
BRDA:26,6,0,3
BRDA:41,7,0,0
BRDA:47,8,0,2
BRDA:52,9,0,1
BRDA:58,10,0,0
BRDA:63,11,0,4
BRDA:69,12,0,3
BRDA:69,13,0,1
BRDA:73,14,0,2
BRDA:75,15,0,1
BRDA:80,16,0,3
BRDA:86,17,0,1
BRDA:90,18,0,2
BRDA:99,19,0,0
BRDA:104,20,0,2
BRDA:110,21,0,1
BRDA:114,22,0,1
BRDA:124,23,0,0
BRF:24
BRH:20
end_of_record
TN:
SF:src\contoller\transactionController.ts
FN:6,makeTansfer
FN:97,getTransactions
FN:116,deleteTransaction
FNF:3
FNH:3
FNDA:10,makeTansfer
FNDA:4,getTransactions
FNDA:3,deleteTransaction
DA:1,1
DA:2,1
DA:3,1
DA:4,1
DA:5,1
DA:6,10
DA:7,10
DA:8,10
DA:9,10
DA:10,10
DA:11,10
DA:12,10
DA:13,1
DA:14,1
DA:15,1
DA:16,9
DA:17,10
DA:18,1
DA:19,1
DA:20,1
DA:21,8
DA:22,10
DA:23,1
DA:24,1
DA:25,1
DA:26,7
DA:27,7
DA:28,7
DA:29,7
DA:30,10
DA:31,1
DA:32,1
DA:33,1
DA:34,6
DA:35,10
DA:36,1
DA:37,1
DA:38,1
DA:39,5
DA:40,10
DA:41,1
DA:42,1
DA:43,1
DA:44,4
DA:45,10
DA:46,1
DA:47,1
DA:48,1
DA:49,3
DA:50,10
DA:51,1
DA:52,1
DA:53,1
DA:54,2
DA:55,2
DA:56,2
DA:57,2
DA:58,10
DA:59,1
DA:60,1
DA:61,1
DA:62,1
DA:63,1
DA:64,1
DA:65,2
DA:66,2
DA:67,2
DA:68,2
DA:69,2
DA:70,2
DA:71,2
DA:72,2
DA:73,2
DA:74,2
DA:75,2
DA:76,2
DA:77,2
DA:78,2
DA:79,2
DA:80,2
DA:81,2
DA:82,2
DA:83,2
DA:84,2
DA:85,2
DA:86,2
DA:87,2
DA:88,2
DA:89,10
DA:90,0
DA:91,0
DA:92,0
DA:93,0
DA:94,0
DA:95,10
DA:96,1
DA:97,4
DA:98,4
DA:99,4
DA:100,4
DA:101,4
DA:102,4
DA:103,4
DA:104,4
DA:105,4
DA:106,4
DA:107,4
DA:108,4
DA:109,3
DA:110,3
DA:111,4
DA:112,1
DA:113,1
DA:114,4
DA:115,1
DA:116,3
DA:117,3
DA:118,3
DA:119,3
DA:120,3
DA:121,3
DA:122,1
DA:123,1
DA:124,1
DA:125,1
DA:126,1
DA:127,1
DA:128,1
DA:129,1
DA:130,1
DA:131,1
DA:132,1
DA:133,3
DA:134,1
DA:135,1
LF:135
LH:130
BRDA:6,0,0,10
BRDA:12,1,0,9
BRDA:12,2,0,9
BRDA:12,3,0,9
BRDA:12,4,0,1
BRDA:16,5,0,9
BRDA:17,6,0,1
BRDA:21,7,0,8
BRDA:22,8,0,1
BRDA:26,9,0,7
BRDA:30,10,0,1
BRDA:34,11,0,6
BRDA:35,12,0,1
BRDA:39,13,0,5
BRDA:40,14,0,1
BRDA:44,15,0,4
BRDA:45,16,0,1
BRDA:49,17,0,3
BRDA:50,18,0,2
BRDA:50,19,0,1
BRDA:54,20,0,2
BRDA:58,21,0,1
BRDA:65,22,0,2
BRDA:89,23,0,0
BRDA:97,24,0,4
BRDA:102,25,0,1
BRDA:103,26,0,1
BRDA:104,27,0,1
BRDA:105,28,0,1
BRDA:106,29,0,1
BRDA:109,30,0,3
BRDA:111,31,0,1
BRDA:116,32,0,3
BRDA:120,33,0,2
BRDA:121,34,0,1
BRF:35
BRH:34
end_of_record
TN:
SF:src\contoller\userController.ts
FN:5,getUsers
FN:42,updateUser
FNF:2
FNH:2
FNDA:5,getUsers
FNDA:5,updateUser
DA:1,1
DA:2,1
DA:3,1
DA:4,1
DA:5,5
DA:6,5
DA:7,5
DA:8,5
DA:9,5
DA:10,5
DA:11,5
DA:12,5
DA:13,5
DA:14,5
DA:15,5
DA:16,5
DA:17,5
DA:18,5
DA:19,5
DA:20,5
DA:21,5
DA:22,5
DA:23,5
DA:24,5
DA:25,5
DA:26,5
DA:27,5
DA:28,5
DA:29,5
DA:30,5
DA:31,5
DA:32,5
DA:33,5
DA:34,5
DA:35,5
DA:36,5
DA:37,5
DA:38,0
DA:39,0
DA:40,5
DA:41,1
DA:42,5
DA:43,5
DA:44,5
DA:45,5
DA:46,5
DA:47,5
DA:48,2
DA:49,2
DA:50,2
DA:51,3
DA:52,3
DA:53,3
DA:54,5
DA:55,1
DA:56,1
DA:57,1
DA:58,2
DA:59,2
DA:60,2
DA:61,2
DA:62,2
DA:63,2
DA:64,2
DA:65,2
DA:66,2
DA:67,5
DA:68,0
DA:69,0
DA:70,5
DA:71,1
DA:72,1
LF:72
LH:68
BRDA:5,0,0,5
BRDA:13,1,0,2
BRDA:14,2,0,2
BRDA:15,3,0,1
BRDA:18,4,0,0
BRDA:37,5,0,0
BRDA:42,6,0,5
BRDA:47,7,0,2
BRDA:51,8,0,3
BRDA:54,9,0,1
BRDA:58,10,0,2
BRDA:67,11,0,0
BRF:12
BRH:9
end_of_record
TN:
SF:src\models\account.model.ts
FNF:0
FNH:0
DA:1,1
DA:2,1
DA:3,1
DA:4,1
DA:5,1
DA:6,1
DA:7,1
DA:8,1
DA:9,1
DA:10,1
DA:11,1
DA:12,1
DA:13,1
DA:14,1
DA:15,1
DA:16,1
DA:17,1
DA:18,1
DA:19,1
DA:20,1
DA:21,1
DA:22,1
DA:23,1
DA:24,1
DA:25,1
DA:26,1
DA:27,1
DA:28,1
DA:29,1
DA:30,1
DA:31,1
DA:32,1
DA:33,1
DA:34,1
DA:35,1
DA:36,1
DA:37,1
DA:38,1
DA:39,1
DA:40,1
DA:41,1
DA:42,1
LF:42
LH:42
BRF:0
BRH:0
end_of_record
TN:
SF:src\models\transaction.model.ts
FNF:0
FNH:0
DA:1,1
DA:2,1
DA:3,1
DA:4,1
DA:5,1
DA:6,1
DA:7,1
DA:8,1
DA:9,1
DA:10,1
DA:11,1
DA:12,1
DA:13,1
DA:14,1
DA:15,1
DA:16,1
DA:17,1
DA:18,1
DA:19,1
DA:20,1
DA:21,1
DA:22,1
DA:23,1
DA:24,1
DA:25,1
DA:26,1
DA:27,1
DA:28,1
DA:29,1
DA:30,1
DA:31,1
DA:32,1
DA:33,1
DA:34,1
DA:35,1
DA:36,1
DA:37,1
DA:38,1
DA:39,1
DA:40,1
DA:41,1
DA:42,1
DA:43,1
DA:44,1
DA:45,1
DA:46,1
DA:47,1
DA:48,1
DA:49,1
DA:50,1
DA:51,1
DA:52,1
LF:52
LH:52
BRF:0
BRH:0
end_of_record
TN:
SF:src\models\user.model.ts
FNF:0
FNH:0
DA:1,1
DA:2,1
DA:3,1
DA:4,1
DA:5,1
DA:6,1
DA:7,1
DA:8,1
DA:9,1
DA:10,1
DA:11,1
DA:12,1
DA:13,1
DA:14,1
DA:15,1
DA:16,1
DA:17,1
DA:18,1
DA:19,1
DA:20,1
DA:21,1
DA:22,1
DA:23,1
DA:24,1
DA:25,1
DA:26,1
DA:27,1
DA:28,1
DA:29,1
DA:30,1
DA:31,1
DA:32,1
DA:33,1
LF:33
LH:33
BRF:0
BRH:0
end_of_record
TN:
SF:src\routes\accountRoutes.ts
FNF:0
FNH:0
DA:1,1
DA:2,1
DA:3,1
DA:4,1
DA:5,1
DA:6,1
DA:7,1
DA:8,1
DA:9,1
DA:10,1
DA:11,1
DA:12,1
LF:12
LH:12
BRF:0
BRH:0
end_of_record
TN:
SF:src\routes\transactionRoutes.ts
FNF:0
FNH:0
DA:1,1
DA:2,1
DA:3,1
DA:4,1
DA:5,1
DA:6,1
DA:7,1
DA:8,1
DA:9,1
DA:10,1
LF:10
LH:10
BRF:0
BRH:0
end_of_record
TN:
SF:src\routes\userRoutes.ts
FNF:0
FNH:0
DA:1,1
DA:2,1
DA:3,1
DA:4,1
DA:5,1
DA:6,1
DA:7,1
DA:8,1
DA:9,1
LF:9
LH:9
BRF:0
BRH:0
end_of_record
